<html>
<head>
<title>TestNG:  MyTest</title>
<link href="../testng.css" rel="stylesheet" type="text/css" />
<link href="../my-testng.css" rel="stylesheet" type="text/css" />

<style type="text/css">
.log { display: none;} 
.stack-trace { display: none;} 
</style>
<script type="text/javascript">
<!--
function flip(e) {
  current = e.style.display;
  if (current == 'block') {
    e.style.display = 'none';
    return 0;
  }
  else {
    e.style.display = 'block';
    return 1;
  }
}

function toggleBox(szDivId, elem, msg1, msg2)
{
  var res = -1;  if (document.getElementById) {
    res = flip(document.getElementById(szDivId));
  }
  else if (document.all) {
    // this is the way old msie versions work
    res = flip(document.all[szDivId]);
  }
  if(elem) {
    if(res == 0) elem.innerHTML = msg1; else elem.innerHTML = msg2;
  }

}

function toggleAllBoxes() {
  if (document.getElementsByTagName) {
    d = document.getElementsByTagName('div');
    for (i = 0; i < d.length; i++) {
      if (d[i].className == 'log') {
        flip(d[i]);
      }
    }
  }
}

// -->
</script>

</head>
<body>
<h2 align='center'>MyTest</h2><table border='1' align="center">
<tr>
<td>Tests passed/Failed/Skipped:</td><td>29/1/0</td>
</tr><tr>
<td>Started on:</td><td>Wed Sep 06 18:33:15 CDT 2023</td>
</tr>
<tr><td>Total time:</td><td>0 seconds (160 ms)</td>
</tr><tr>
<td>Included groups:</td><td></td>
</tr><tr>
<td>Excluded groups:</td><td></td>
</tr>
</table><p/>
<small><i>(Hover the method name to see the test class name)</i></small><p/>
<table width='100%' border='1' class='invocation-failed'>
<tr><td colspan='4' align='center'><b>FAILED TESTS</b></td></tr>
<tr><td><b>Test method</b></td>
<td><b>Attribute(s)</b></td>
<td width="30%"><b>Exception</b></td>
<td width="10%"><b>Time (seconds)</b></td>
<td><b>Instance</b></td>
</tr>
<tr>
<td title='testNG.Annotations.parameterizedTest()'><b>parameterizedTest</b><br>Test class: testNG.Annotations</td>
<td><div><pre>org.testng.TestNGException: 
Parameter &apos;param1&apos; is required by @Test on method parameterizedTest but has not been marked @Optional or defined
in /Users/patrickryan/IdeaProjects/Java001/Report.xml
	at java.base/java.util.ArrayList.forEach(ArrayList.java:1507)
	at com.intellij.rt.testng.IDEARemoteTestNG.run(IDEARemoteTestNG.java:66)
	at com.intellij.rt.testng.RemoteTestNGStarter.main(RemoteTestNGStarter.java:105)
... Removed 23 stack frames</pre></div><a href='#' onClick='toggleBox("stack-trace1585635178", this, "Click to show all stack frames", "Click to hide stack frames")'>Click to show all stack frames</a>
<div class='stack-trace' id='stack-trace1585635178'><pre>org.testng.TestNGException: 
Parameter &apos;param1&apos; is required by @Test on method parameterizedTest but has not been marked @Optional or defined
in /Users/patrickryan/IdeaProjects/Java001/Report.xml
	at org.testng.internal.Parameters.createParams(Parameters.java:267)
	at org.testng.internal.Parameters.createParametersForMethod(Parameters.java:355)
	at org.testng.internal.Parameters.createParameters(Parameters.java:684)
	at org.testng.internal.Parameters.handleParameters(Parameters.java:879)
	at org.testng.internal.Parameters.handleParameters(Parameters.java:728)
	at org.testng.internal.invokers.ParameterHandler.handleParameters(ParameterHandler.java:72)
	at org.testng.internal.invokers.ParameterHandler.createParameters(ParameterHandler.java:51)
	at org.testng.internal.invokers.TestInvoker$MethodInvocationAgent.invoke(TestInvoker.java:911)
	at org.testng.internal.invokers.TestInvoker.invokeTestMethods(TestInvoker.java:200)
	at org.testng.internal.invokers.TestMethodWorker.invokeTestMethods(TestMethodWorker.java:148)
	at org.testng.internal.invokers.TestMethodWorker.run(TestMethodWorker.java:128)
	at java.base/java.util.ArrayList.forEach(ArrayList.java:1507)
	at org.testng.TestRunner.privateRun(TestRunner.java:848)
	at org.testng.TestRunner.run(TestRunner.java:621)
	at org.testng.SuiteRunner.runTest(SuiteRunner.java:443)
	at org.testng.SuiteRunner.runSequentially(SuiteRunner.java:437)
	at org.testng.SuiteRunner.privateRun(SuiteRunner.java:397)
	at org.testng.SuiteRunner.run(SuiteRunner.java:336)
	at org.testng.SuiteRunnerWorker.runSuite(SuiteRunnerWorker.java:52)
	at org.testng.SuiteRunnerWorker.run(SuiteRunnerWorker.java:95)
	at org.testng.TestNG.runSuitesSequentially(TestNG.java:1280)
	at org.testng.TestNG.runSuitesLocally(TestNG.java:1200)
	at org.testng.TestNG.runSuites(TestNG.java:1114)
	at org.testng.TestNG.run(TestNG.java:1082)
	at com.intellij.rt.testng.IDEARemoteTestNG.run(IDEARemoteTestNG.java:66)
	at com.intellij.rt.testng.RemoteTestNGStarter.main(RemoteTestNGStarter.java:105)
</pre></div></td>
<td>0</td>
<td>testNG.Annotations@1a052a00</td></tr>
</table><p>
<table width='100%' border='1' class='invocation-passed'>
<tr><td colspan='4' align='center'><b>PASSED TESTS</b></td></tr>
<tr><td><b>Test method</b></td>
<td><b>Attribute(s)</b></td>
<td width="30%"><b>Exception</b></td>
<td width="10%"><b>Time (seconds)</b></td>
<td><b>Instance</b></td>
</tr>
<tr>
<td title='testNG.Annotations.capitalize()'><b>capitalize</b><br>Test class: testNG.Annotations</td>
<td></td>
<td>0</td>
<td>testNG.Annotations@1a052a00</td></tr>
<tr>
<td title='testNG.Annotations.squareRoot()'><b>squareRoot</b><br>Test class: testNG.Annotations</td>
<td></td>
<td>0</td>
<td>testNG.Annotations@1a052a00</td></tr>
<tr>
<td title='testNG.Annotations.evenOdd()'><b>evenOdd</b><br>Test class: testNG.Annotations</td>
<td></td>
<td>0</td>
<td>testNG.Annotations@1a052a00</td></tr>
<tr>
<td title='testNG.Annotations.getSortedArray()'><b>getSortedArray</b><br>Test class: testNG.Annotations</td>
<td></td>
<td>0</td>
<td>testNG.Annotations@1a052a00</td></tr>
<tr>
<td title='testNG.Annotations.testString()'><b>testString</b><br>Test class: testNG.Annotations</td>
<td></td>
<td>0</td>
<td>testNG.Annotations@1a052a00</td></tr>
<tr>
<td title='testNG.DependentTest.performLogin()'><b>performLogin</b><br>Test class: testNG.DependentTest</td>
<td></td>
<td>0</td>
<td>testNG.DependentTest@77e9807f</td></tr>
<tr>
<td title='testNG.Annotations.maxMin()'><b>maxMin</b><br>Test class: testNG.Annotations</td>
<td></td>
<td>0</td>
<td>testNG.Annotations@1a052a00</td></tr>
<tr>
<td title='testNG.Annotations.LeapYear()'><b>LeapYear</b><br>Test class: testNG.Annotations</td>
<td></td>
<td>0</td>
<td>testNG.Annotations@1a052a00</td></tr>
<tr>
<td title='testNG.Annotations.testAdd()'><b>testAdd</b><br>Test class: testNG.Annotations</td>
<td></td>
<td>0</td>
<td>testNG.Annotations@1a052a00</td></tr>
<tr>
<td title='testNG.Annotations.removeDupChar()'><b>removeDupChar</b><br>Test class: testNG.Annotations</td>
<td></td>
<td>0</td>
<td>testNG.Annotations@1a052a00</td></tr>
<tr>
<td title='testNG.Messagetest.printTest()'><b>printTest</b><br>Test class: testNG.Messagetest</td>
<td></td>
<td>0</td>
<td>testNG.Messagetest@23a5fd2</td></tr>
<tr>
<td title='testNG.Annotations.factorial()'><b>factorial</b><br>Test class: testNG.Annotations</td>
<td></td>
<td>0</td>
<td>testNG.Annotations@1a052a00</td></tr>
<tr>
<td title='testNG.Annotations.ArrayContent()'><b>ArrayContent</b><br>Test class: testNG.Annotations</td>
<td></td>
<td>0</td>
<td>testNG.Annotations@1a052a00</td></tr>
<tr>
<td title='testNG.Annotations.isPrimeNumber()'><b>isPrimeNumber</b><br>Test class: testNG.Annotations</td>
<td></td>
<td>0</td>
<td>testNG.Annotations@1a052a00</td></tr>
<tr>
<td title='testNG.Annotations.primeNumbers()'><b>primeNumbers</b><br>Test class: testNG.Annotations</td>
<td></td>
<td>0</td>
<td>testNG.Annotations@1a052a00</td></tr>
<tr>
<td title='testNG.DependentTest.StartApp()'><b>StartApp</b><br>Test class: testNG.DependentTest</td>
<td></td>
<td>0</td>
<td>testNG.DependentTest@77e9807f</td></tr>
<tr>
<td title='testNG.Annotations.palindrome()'><b>palindrome</b><br>Test class: testNG.Annotations</td>
<td></td>
<td>0</td>
<td>testNG.Annotations@1a052a00</td></tr>
<tr>
<td title='testNG.Annotations.reverseString()'><b>reverseString</b><br>Test class: testNG.Annotations</td>
<td></td>
<td>0</td>
<td>testNG.Annotations@1a052a00</td></tr>
<tr>
<td title='testNG.Annotations.areaCircumference()'><b>areaCircumference</b><br>Test class: testNG.Annotations</td>
<td></td>
<td>0</td>
<td>testNG.Annotations@1a052a00</td></tr>
<tr>
<td title='testNG.Annotations.mergeArrays()'><b>mergeArrays</b><br>Test class: testNG.Annotations</td>
<td></td>
<td>0</td>
<td>testNG.Annotations@1a052a00</td></tr>
<tr>
<td title='testNG.Annotations.CheckNumber()'><b>CheckNumber</b><br>Test class: testNG.Annotations</td>
<td></td>
<td>0</td>
<td>testNG.Annotations@1a052a00</td></tr>
<tr>
<td title='testNG.DependentTest.performAction()'><b>performAction</b><br>Test class: testNG.DependentTest</td>
<td></td>
<td>0</td>
<td>testNG.DependentTest@77e9807f</td></tr>
<tr>
<td title='testNG.Messagetest.welcomeMessage()'><b>welcomeMessage</b><br>Test class: testNG.Messagetest</td>
<td></td>
<td>0</td>
<td>testNG.Messagetest@23a5fd2</td></tr>
<tr>
<td title='testNG.Annotations.byZero()'><b>byZero</b><br>Test class: testNG.Annotations</td>
<td><div><pre>java.lang.ArithmeticException: / by zero
	at testNG.Annotations.byZero(Annotations.java:42)
	at java.base/java.util.ArrayList.forEach(ArrayList.java:1507)
	at com.intellij.rt.testng.IDEARemoteTestNG.run(IDEARemoteTestNG.java:66)
	at com.intellij.rt.testng.RemoteTestNGStarter.main(RemoteTestNGStarter.java:105)
... Removed 24 stack frames</pre></div><a href='#' onClick='toggleBox("stack-trace1238959340", this, "Click to show all stack frames", "Click to hide stack frames")'>Click to show all stack frames</a>
<div class='stack-trace' id='stack-trace1238959340'><pre>java.lang.ArithmeticException: / by zero
	at testNG.Annotations.byZero(Annotations.java:42)
	at java.base/jdk.internal.reflect.NativeMethodAccessorImpl.invoke0(Native Method)
	at java.base/jdk.internal.reflect.NativeMethodAccessorImpl.invoke(NativeMethodAccessorImpl.java:62)
	at java.base/jdk.internal.reflect.DelegatingMethodAccessorImpl.invoke(DelegatingMethodAccessorImpl.java:43)
	at java.base/java.lang.reflect.Method.invoke(Method.java:567)
	at org.testng.internal.invokers.MethodInvocationHelper.invokeMethod(MethodInvocationHelper.java:139)
	at org.testng.internal.invokers.TestInvoker.invokeMethod(TestInvoker.java:664)
	at org.testng.internal.invokers.TestInvoker.invokeTestMethod(TestInvoker.java:227)
	at org.testng.internal.invokers.MethodRunner.runInSequence(MethodRunner.java:50)
	at org.testng.internal.invokers.TestInvoker$MethodInvocationAgent.invoke(TestInvoker.java:957)
	at org.testng.internal.invokers.TestInvoker.invokeTestMethods(TestInvoker.java:200)
	at org.testng.internal.invokers.TestMethodWorker.invokeTestMethods(TestMethodWorker.java:148)
	at org.testng.internal.invokers.TestMethodWorker.run(TestMethodWorker.java:128)
	at java.base/java.util.ArrayList.forEach(ArrayList.java:1507)
	at org.testng.TestRunner.privateRun(TestRunner.java:848)
	at org.testng.TestRunner.run(TestRunner.java:621)
	at org.testng.SuiteRunner.runTest(SuiteRunner.java:443)
	at org.testng.SuiteRunner.runSequentially(SuiteRunner.java:437)
	at org.testng.SuiteRunner.privateRun(SuiteRunner.java:397)
	at org.testng.SuiteRunner.run(SuiteRunner.java:336)
	at org.testng.SuiteRunnerWorker.runSuite(SuiteRunnerWorker.java:52)
	at org.testng.SuiteRunnerWorker.run(SuiteRunnerWorker.java:95)
	at org.testng.TestNG.runSuitesSequentially(TestNG.java:1280)
	at org.testng.TestNG.runSuitesLocally(TestNG.java:1200)
	at org.testng.TestNG.runSuites(TestNG.java:1114)
	at org.testng.TestNG.run(TestNG.java:1082)
	at com.intellij.rt.testng.IDEARemoteTestNG.run(IDEARemoteTestNG.java:66)
	at com.intellij.rt.testng.RemoteTestNGStarter.main(RemoteTestNGStarter.java:105)
</pre></div></td>
<td>0</td>
<td>testNG.Annotations@1a052a00</td></tr>
<tr>
<td title='testNG.Annotations.secondLargest()'><b>secondLargest</b><br>Test class: testNG.Annotations</td>
<td></td>
<td>0</td>
<td>testNG.Annotations@1a052a00</td></tr>
<tr>
<td title='testNG.Annotations.randomNum()'><b>randomNum</b><br>Test class: testNG.Annotations</td>
<td></td>
<td>0</td>
<td>testNG.Annotations@1a052a00</td></tr>
<tr>
<td title='testNG.Annotations.greatestCD()'><b>greatestCD</b><br>Test class: testNG.Annotations</td>
<td></td>
<td>0</td>
<td>testNG.Annotations@1a052a00</td></tr>
<tr>
<td title='testNG.Messagetest.CompleteMessage()'><b>CompleteMessage</b><br>Test class: testNG.Messagetest</td>
<td></td>
<td>0</td>
<td>testNG.Messagetest@23a5fd2</td></tr>
<tr>
<td title='testNG.Annotations.wordCount()'><b>wordCount</b><br>Test class: testNG.Annotations</td>
<td></td>
<td>0</td>
<td>testNG.Annotations@1a052a00</td></tr>
</table><p>
</body>
</html>